-0.069603 -0.29568 1
0.31178 -0.12115 1
0.12211 -0.44415 1
0.2859 -0.39389 1
0.32122 -0.39462 1
0.29397 -0.24037 1
0.33929 -0.2834 1
0.38528 -0.046319 1
-0.32878 -0.36354 1
-0.44432 0.007909 1
0.36267 -0.12854 1
-0.17978 -0.33867 1
-0.067754 0.28655 1
0.52085 0.044591 1
-0.052977 0.01586 1
-0.15024 0.061013 1
-0.40771 0.32285 1
-0.12255 0.26383 1
-0.15891 0.42309 1
-0.003976 0.26278 1
-0.42551 -0.028708 1
-0.26393 -0.074885 1
-0.20487 -0.29263 1
0.47219 -0.17948 1
0.028753 0.12378 1
0.43715 -0.2599 1
-0.072642 -0.13362 1
-0.04161 0.11826 1
0.49251 -0.33839 1
-0.35056 0.31056 1
-0.58697 -8.23E-4 1
0.06475 0.43721 1
-0.058361 -0.43541 1
-0.37502 -0.14978 1
0.26199 -0.16082 1
0.038012 -0.49663 1
-0.17713 -0.52195 1
0.28059 -0.24246 1
0.099035 -0.17199 1
0.51835 -0.21054 1
-0.10073 -0.45244 1
0.41219 -0.15262 1
0.041179 0.28512 1
0.037546 0.41296 1
-0.079099 0.41739 1
-0.082685 0.10194 1
-0.37118 0.40709 1
-0.28297 -0.1689 1
0.014467 -0.2901 1
0.21472 -0.46373 1
0.1557 -0.17477 1
0.143 0.45731 1
0.04569 -0.24627 1
-0.30471 -0.32062 1
0.077116 0.045375 1
0.44877 0.017121 1
0.23898 0.003855 1
-0.1323 -0.46597 1
-0.22004 -0.25886 1
-0.19567 0.45632 1
0.50599 0.075015 1
0.35288 -0.41474 1
0.027038 -0.13794 1
-0.31872 -0.2243 1
0.30327 -0.49515 1
0.31857 -0.23584 1
0.22399 0.535 1
-0.22481 0.020257 1
-0.34608 -0.11943 1
0.25065 -0.073135 1
-0.44695 0.065028 1
0.36828 0.067256 1
0.035916 0.5946 1
-0.42923 -0.13571 1
0.23037 0.11617 1
0.24422 -0.25664 1
0.24405 -0.43898 1
0.20493 -0.063481 1
-0.52915 -0.028673 1
0.21122 -0.2053 1
-0.15626 0.31441 1
-0.18121 0.48201 1
-0.36641 -0.26202 1
0.26592 0.43418 1
0.041921 0.25342 1
-0.44893 -0.13779 1
-0.36114 0.47757 1
0.33855 0.052382 1
0.33632 0.30073 1
0.089246 0.037246 1
-0.48481 -0.35071 1
-0.3569 -0.33647 1
-0.23397 -0.13936 1
0.074291 0.097276 1
-0.37648 -0.35011 1
0.22595 -0.035005 1
-0.039446 0.37147 1
-1.2793 1.4983 1
0.4989 -0.3197 1
-0.23527 -0.51251 1
0.059003 -0.28243 1
-0.038303 0.229 1
0.32389 -0.13674 1
-0.52164 -0.022669 1
-0.30631 0.14656 1
0.004828 0.16164 1
-0.011341 0.10597 1
0.24806 -0.25773 1
0.18147 -0.41183 1
-0.22127 -0.18617 1
-0.28296 0.191 1
0.23808 0.51432 1
-0.1416 0.54853 1
-0.18338 0.23204 1
0.49128 -0.006389 1
-0.50795 -0.11296 1
-0.37095 -0.24464 1
0.006725 -0.47889 1
-0.52882 0.12124 1
0.56901 0.17211 1
0.42337 -0.020924 1
0.37421 -0.091014 1
0.060518 0.050207 1
0.12286 -0.22203 1
-0.367 0.45486 1
-0.060289 0.10831 1
0.48216 0.003431 1
-0.32409 -0.13856 1
-0.031232 0.10168 1
0.5871 -0.036326 1
-0.40832 0.17979 1
0.24691 0.30024 1
0.28071 -0.33568 1
0.24306 -0.18407 1
0.10049 0.40595 1
-0.54111 -0.056256 1
-0.54627 -0.16411 1
-0.28821 0.2227 1
0.48944 0.28218 1
0.52359 -0.059906 1
0.27914 -0.13273 1
0.13873 -0.38211 1
-0.22524 0.14871 1
0.064674 0.20642 1
0.5242 -0.26652 1
0.021921 0.33901 1
-0.2574 0.098966 1
0.44479 -0.19122 1
-0.28917 -0.23425 1
-0.34086 0.35896 1
-0.05368 0.47981 1
-1.3914 -1.3314 2
0.4124 1.7173 2
0.63341 1.7784 2
0.46459 -1.8289 2
0.023179 1.6042 2
1.1496 -1.1718 2
-1.0767 -0.5682 2
-1.2069 0.02559 2
-0.37944 1.306 2
-1.9649 0.04881 2
1.8709 -0.64556 2
1.0239 1.5482 2
-0.97011 -1.6664 2
-1.2134 -0.92746 2
1.0948 -1.0082 2
1.2871 0.17498 2
1.8328 0.63514 2
1.4597 0.4107 2
1.0771 0.98034 2
1.1423 0.58186 2
1.5116 -0.38985 2
-1.3782 -0.73262 2
0.36293 1.6229 2
0.65824 1.6338 2
-0.007958 -1.5933 2
-0.84254 1.2216 2
-1.3825 -0.95569 2
-1.3356 0.81173 2
-1.4018 -0.18895 2
-1.5599 -1.0617 2
-1.1385 -0.77251 2
0.24671 -1.7806 2
1.8597 -0.18245 2
-1.6096 0.90719 2
-1.5097 0.75404 2
1.1523 -0.43862 2
0.81081 1.09 2
-1.5559 1.1547 2
-0.66909 1.1096 2
1.4546 -1.1026 2
1.7405 0.029325 2
-1.1475 1.0479 2
1.9558 -0.18158 2
-1.6497 -0.82514 2
-1.1606 -1.0086 2
1.1334 -0.82959 2
-1.6276 -0.55153 2
0.53126 1.4732 2
0.73437 1.0844 2
1.0239 0.75036 2
0.21968 -1.3258 2
1.6046 -0.72257 2
-1.8941 -0.031346 2
0.39911 -1.698 2
-0.90076 -1.4325 2
-1.477 0.57467 2
-1.3523 0.36201 2
1.6622 0.42616 2
-1.6227 0.45998 2
-1.0465 -1.5287 2
-0.45936 1.2787 2
0.26911 -1.6384 2
0.68214 -1.4975 2
-1.3327 0.9149 2
0.60948 1.3513 2
0.20603 -1.5659 2
1.6909 0.70427 2
-0.053243 1.9992 2
-0.29853 -1.1975 2
-0.41847 1.2142 2
1.2063 1.5924 2
-0.87549 0.93753 2
1.947 -0.27244 2
-1.3023 0.90928 2
1.767 0.23026 2
1.2411 -0.31538 2
1.0209 -1.5872 2
-1.478 -1.1125 2
-1.5182 1.2669 2
-0.61552 1.7966 2
-1.8923 0.033008 2
-0.98001 1.3009 2
1.1136 -1.2789 2
0.76996 -1.3476 2
-1.8222 0.61331 2
-1.1801 0.47746 2
-0.67007 1.7223 2
-0.19517 1.2084 2
1.7374 -0.88488 2
-1.0464 1.2838 2
0.84667 1.6028 2
-1.6008 0.87655 2
-1.6457 -0.43503 2
1.2816 -1.4279 2
0.75732 -1.3243 2
-0.42134 1.5563 2
0.64829 -1.0161 2
0.071576 -1.5667 2
-0.54841 -1.3479 2
1.9022 0.2859 2
1.7491 0.32461 2
-1.4291 0.062589 2
-0.81335 1.4974 2
0.76698 -1.4954 2
0.64135 -1.1724 2
-1.3527 0.94717 2
0.70236 1.6968 2
-0.050376 1.6672 2
0.52415 -1.9223 2
-1.3781 -1.1237 2
-0.7837 1.5727 2
1.9093 0.50457 2
-1.1558 -0.47419 2
0.10649 1.2704 2
-0.68745 1.3938 2
-1.2887 1.3711 2
-0.68604 -1.448 2
1.6844 -0.25997 2
1.0257 0.9627 2
0.92494 0.88926 2
1.566 0.81922 2
-0.96124 1.1304 2
-1.8037 0.17928 2
1.4985 -0.99511 2
-1.0603 -0.74306 2
-1.0449 1.3485 2
-1.2113 -1.2994 2
0.22234 1.6541 2
-0.47215 -1.4709 2
-1.1803 -0.68834 2
0.10158 -1.5434 2
-1.2932 -0.5337 2
0.90837 1.2331 2
-1.6372 1.1327 2
0.99388 1.1597 2
1.2351 -0.36093 2
0.85036 -1.1989 2
-0.97123 0.89379 2
1.1444 0.5796 2
0.80991 -1.2731 2
1.3085 -0.76826 2
-1.0152 -1.5475 2
1.0333 -0.82309 2
0.80691 -1.4158 2
-1.3305 -0.51931 2
0.93638 -1.4754 2
0.44724 1.146 2
0.62958 -1.5583 2
0.81431 1.4185 2
1.3287 1.138 2
1.3289 1.0413 2
1.2025 -0.007432 2
-1.49 0.76412 2
1.2403 -1.1485 2
-0.25129 -1.5415 2
1.0912 1.1499 2
-0.27444 1.5816 2
-0.80331 1.7656 2
0.64392 1.4452 2
0.36231 1.7886 2
-1.5235 -0.5087 2
-0.22555 1.8228 2
-0.006945 1.6505 2
-1.4543 -0.88899 2
-1.2592 -1.2283 2
1.3146 -0.61274 2
1.3178 0.58994 2
-1.334 -1.018 2
0.38381 -1.9619 2
-1.2416 -0.040427 2
-1.1608 -1.4038 2
-0.98264 -1.4103 2
0.46551 -1.568 2
-0.36884 1.3554 2
-0.18126 1.3304 2
0.88585 -1.1316 2
-0.012664 1.6942 2
-1.9104 -0.064837 2
1.5947 0.95946 2
-1.0529 1.1529 2
0.84289 1.231 2
-0.942 -1.2662 2
-0.48009 -1.8912 2
-1.2151 1.1937 2
0.89308 -1.6517 2
-1.3124 -0.77633 2
-0.892 -0.89747 2
-1.9739 0.1015 2
-0.5651 -1.4679 2
1.3356 -0.98972 2
-1.2805 -1.3704 2
1.6739 8.23E-4 2
0.59019 1.7602 2
1.1822 -1.5938 2
-0.61241 1.7952 2
-1.4399 -0.15391 2
-0.34938 1.2303 2
1.245 0.99017 2
0.50399 -1.6322 2
-1.8914 0.54321 2
0.24081 1.3835 2
0.81161 1.0979 2
-0.60807 -1.079 2
0.89231 -1.485 2
1.0328 -1.491 2
1.5163 0.20331 2
-1.0728 0.87374 2
-0.48055 1.1771 2
-0.29113 -1.9666 2
0.54856 -1.6973 2
1.2001 0.16882 2
1.6879 -0.20959 2
0.83635 1.5549 2
0.36392 1.8933 2
-1.2345 -0.055496 2
-0.071755 1.5129 2
0.24421 -1.7965 2
1.3489 0.5846 2
-0.27804 1.6 2
-0.52734 -1.9154 2
1.2102 -0.039801 2
-0.18506 1.6981 2
-0.83106 -1.465 2
-1.501 1.183 2
-1.2032 0.55597 2
-1.6837 -0.65574 2
-1.108 1.3103 2
1.3155 -0.53395 2
1.3957 -0.96265 2
-1.1475 1.1959 2
1.2374 -0.52484 2
-0.22504 1.9323 2
-0.17792 1.9097 2
1.1061 -1.0353 2
1.0697 -1.5449 2
-0.52767 1.8992 2
-1.8558 -0.31349 2
-1.8022 -0.006651 2
1.5436 -0.42418 2
-1.5049 1.0164 2
-0.35037 -1.5094 2
-1.6514 -0.67518 2
0.7398 0.99967 2
-1.6718 0.057261 2
-1.2673 -0.23629 2
0.012959 -1.4376 2
-1.0037 1.4151 2
1.795 -0.36546 2
0.42205 1.6533 2
1.3124 -0.51122 2
-1.9056 -0.31226 2
1.2122 1.5811 2
1.4903 -1.0194 2
-1.209 -0.13635 2
0.5845 -1.8393 2
1.5562 0.54805 2
0.79415 -1.7849 2
-1.3484 -1.3195 2
-1.7581 -0.26079 2
-1.0734 0.85569 2
-1.0823 0.78161 2
-0.8199 -1.8146 2
1.0132 -1.2712 2
-0.05005 -1.5802 2
1.04 -1.2204 2
-1.3511 -1.1262 2
0.94541 -0.90051 2
0.63761 -1.5216 2
0.40418 -1.2487 2
1.4719 -0.31291 2
1.4734 -0.34531 2
-1.404 0.52089 2
-0.33119 1.648 2
-0.14525 -1.8778 2
0.75644 -1.3791 2
-0.31659 -1.4508 2
1.4103 0.78372 2
0.72143 1.1887 2
-0.82327 1.2577 2
-1.7 -0.91639 2
-1.8967 0.33846 2
0.89238 1.5567 2
1.8494 0.26179 2
1.3995 -0.58516 2
1.1612 -0.98533 2
1.0551 0.76426 2
-1.2708 -0.13177 2
1.401 -0.1958 2
1.1242 -1.3192 2
-1.1712 -0.92453 2
-0.63752 1.4979 2
-0.7842 1.7237 2
0.75741 -1.1203 2
1.7277 0.35648 2
-1.6174 -0.034763 2
1.2298 0.2589 2
-1.222 1.2991 2
1.7333 -0.064673 2
1.7165 0.90441 2
-1.0684 0.6897 2
0.49708 -1.0967 2
-0.14497 -1.8406 2
-0.20055 -1.3943 2
-0.22982 -1.5628 2
-0.40582 1.6903 2
-1.4974 -0.20789 2
0.067836 -1.8567 2
-0.80393 -0.93358 2
0.16825 -1.2637 2
1.6721 0.37535 2
-0.00316 -1.2309 2
-1.3076 -0.078978 2
1.3561 -0.46642 2
-0.48189 -1.3421 2
0.92241 0.85261 2
-1.6099 -0.84077 2
-1.8812 -0.55889 2
1.3074 -1.4839 2
-0.33521 1.2434 2
-1.7459 0.46912 2
1.1418 0.40471 2
1.188 -0.91814 2
0.81473 1.1439 2
1.5435 1.1055 2
-0.45402 -1.4278 2
0.49844 -1.9033 2
-0.96352 -0.94733 2
0.73 -1.6938 2
-1.6574 1.0298 2
-1.0106 -1.6352 2
-1.5947 -1.0171 2
1.1602 0.8784 2
0.99968 -1.0759 2
-0.94195 1.1657 2
-1.3448 -0.58808 2
1.7394 0.043401 2
-1.5366 0.55915 2
-1.4743 -0.17804 2
-1.4762 -0.13644 2
-1.7156 0.8688 2
-1.5116 0.55744 2
0.39094 1.3822 2
0.9878 0.72639 2
1.8287 -0.48731 2
-1.3248 0.86733 2
-0.12814 1.5611 2
0.046682 1.6719 2
0.23933 1.2882 2
1.3277 0.092197 2
0.30712 -1.6027 2
-1.196 -0.32254 2
0.35718 -1.2125 2
1.5088 0.1719 2
0.67519 1.0687 2
-1.5017 -0.33203 2
-0.67656 1.4959 2
-1.0337 0.88203 2
-1.4781 -0.073548 2
1.5875 0.080433 2
1.8681 -0.64703 2
-1.0261 -0.68812 2
1.668 0.85832 2
-1.3712 0.85785 2
0.99018 1.1257 2
1.3134 0.44402 2
1.209 -0.66237 2
0.87123 -1.4861 2
-0.80878 -1.4928 2
1.1159 1.0938 2
1.0077 -1.2664 2
0.7025 1.7863 2
1.1269 0.70475 2
1.287 -1.1671 2
0.20578 1.4955 2
-1.6725 0.93394 2
1.2816 1.2831 2
0.2572 1.2492 2
1.5819 -0.19079 2
1.7226 -0.47169 2
0.99724 -1.2815 2
-1.2943 -1.4843 2
-1.1041 -0.89195 2
-1.2646 -0.71883 2
-0.93775 0.95605 2
1.5424 -0.6402 2
0.05594 -1.8553 2
-1.743 -0.2509 2
1.4498 1.3423 2
0.92655 -1.7068 2
-0.2066 -1.8651 2
-0.98747 1.2038 2
-1.1776 -0.66769 2
0.21055 1.9784 2
1.1732 -0.93611 2
1.3474 0.63446 2
-1.8777 0.32183 2
-1.1866 -0.60121 2
1.773 0.52749 2
-1.1499 0.47852 2
-1.29 0.46264 2
-0.43123 1.2712 2
-1.8673 0.09437 2
0.30806 1.541 2
0.69956 -1.3433 2
-1.8034 -0.03977 2
-1.219 -1.1721 2
-1.3255 -0.37598 2
-0.14747 -1.4207 2
-0.36633 1.1509 2
0.16336 -1.9029 2
1.5279 -0.1962 2
0.72949 1.1942 2
-1.7033 0.29359 2
-1.5349 -0.75125 2
-0.05566 -1.4994 2
-0.25633 1.2837 2
1.6235 -1.1136 2
1.5363 -1.2467 2
-0.89011 -1.4506 2
-1.4553 1.263 2
0.51693 1.3324 2
-1.5312 0.39431 2
1.7471 -0.23527 2
1.1012 0.53332 2
-0.2473 -1.3757 2
-0.7575 0.99356 2
-0.43128 -1.1879 2
1.9277 0.079273 2
-1.0984 1.3122 2
1.3759 1.3061 2
1.3889 1.1292 2
-1.1858 -1.4465 2
-1.7821 -0.18649 2
-1.5894 -0.46538 2
1.5253 0.31249 2
-1.279 -0.047698 2
-1.264 -1.4704 2
-1.2757 -0.35625 2
-0.93024 -1.0951 2
-0.90279 1.5635 2
-1.7316 -0.48273 2
-1.2242 1.2378 2
-1.0613 -1.3116 2
1.1712 -1.0224 2
-0.34558 1.7655 2
1.401 -1.0989 2
-0.84475 1.1782 2
0.009042 -1.8072 2
0.12041 -1.8813 2
0.6594 1.6123 2
-1.3577 0.46766 2
-1.2825 -0.68797 2
0.71904 0.98701 2
-0.52574 -1.3202 2
-1.6343 0.11888 2
1.5922 0.14034 2
-0.77755 1.3129 2
-1.0019 1.1033 2
0.33679 -1.1622 2
1.8391 0.55904 2
1.0915 -1.15 2
1.1281 -0.95156 2
-0.84472 1.7782 2
-0.96645 1.0253 2
-0.63653 -1.1674 2
-1.5273 -0.87942 2
-1.0838 1.1936 2
1.3489 0.44881 2
0.4135 -1.7112 2
-1.5654 -0.85091 2
-1.9082 -0.59184 2
1.7685 -0.21124 2
1.4201 0.87588 2
1.2409 1.5261 2
-1.7866 -0.30268 2
-1.2192 -0.76513 2
1.1706 -1.294 2
-1.2717 -1.047 2
-1.3754 -1.3285 2
1.4474 -0.24221 2
0.47329 1.3324 2
-0.91774 -1.3736 2
-1.3034 -0.6124 2
0.9774 -1.265 2
-1.1038 -1.5747 2
1.3196 -1.1835 2
1.1265 -1.6298 2
1.1164 -1.6026 2
0.38228 -1.6562 2
-0.28148 1.6813 2
0.42242 1.3455 2
0.82293 -1.3974 2
1.1524 -0.4543 2
1.2408 -0.30358 2
1.0894 -1.1961 2
0.94987 1.166 2
-1.8656 -0.60904 2
-1.7789 0.48119 2
1.2425 -1.3852 2
-1.5315 0.58305 2
-0.6867 1.4658 2
-1.1458 -0.62434 2
1.2739 1.2138 2
0.36137 -1.7899 2
0.58836 1.7311 2
-0.46515 1.4268 2
-0.51352 1.2653 2
-0.84891 -0.99948 2
-1.0103 -1.3891 2
1.5542 0.37877 2
1.2325 0.84237 2
0.42561 -1.6319 2
-0.54712 1.595 2
1.2823 0.99295 2
-1.042 -0.6522 2
-0.9522 -1.1557 2
1.0434 -0.65718 2
-1.5515 1.2344 2
0.70341 -1.3077 2
-1.7752 -0.80339 2
-1.1895 1.1743 2
1.5323 -1.0265 2
1.388 0.5166 2
-1.5904 0.57722 2
1.4694 -1.1234 2
1.8024 -0.24686 2
1.5428 0.84818 2
1.386 1.3834 2
-1.0158 1.3525 2
-1.187 -0.85834 2
-1.5813 -0.18982 2
-0.25573 1.6675 2
-1.4265 0.51081 2
1.6386 0.88709 2
-0.3154 1.518 2
-1.5989 0.59809 2
-1.1614 -1.4153 2
-1.3182 -1.1671 2
-0.16482 1.8172 2
1.6184 0.90214 2
0.22694 -1.4248 2
1.1702 -1.546 2
1.5447 0.64536 2
-0.29851 -1.6714 2
-1.2686 0.28051 2
-0.96716 -1.1046 2
-1.3055 1.1008 2
0.3859 -1.6152 2
1.2011 -0.080886 2
0.55144 1.9207 2
-0.56075 -1.1134 2
-0.54555 1.1836 2
0.96037 -0.72675 2
0.39746 -1.2468 2
-1.7813 0.37376 2
1.3355 -0.98816 2
1.1279 0.45048 2
0.86655 -1.3172 2
1.8783 0.1016 2
1.139 -0.37992 2
-0.59829 -1.1171 2
-1.7744 0.18446 2
0.84869 -1.6171 2
1.4238 -0.5717 2
-1.5232 0.26148 2
0.60218 -1.3487 2
-1.4664 0.73515 2
-1.7738 -0.13619 2
-1.1883 0.86722 2
1.4293 0.75665 2
1.2594 0.49731 2
0.77594 0.99394 2
-0.54119 1.5778 2
1.6811 -0.28786 2
0.71433 -1.7285 2
-1.8 -0.74225 2
-1.1835 -1.0644 2
-0.97435 1.0993 2
-1.8302 -0.63313 2
-1.2009 -1.4573 2
1.1962 0.67669 2
1.5391 -0.6033 2
-1.1452 -1.4067 2
1.2659 0.1566 2
-1.271 -0.66941 2
1.694 -0.23051 2
1.4414 0.18673 2
1.5468 -0.40233 2
1.2007 -1.5136 2
-1.671 0.5145 2
-0.77968 -1.7564 2
-1.213 -0.95189 2
1.8125 0.049374 2
-1.6106 0.86011 2
-1.2324 0.15547 2
-0.92288 0.84895 2
-1.6982 -0.45639 2
-1.349 0.50932 2
0.87158 -1.7892 2
