13.504 -0.21786  1
6.6848 5.2491  2
-8.7446 -3.236  21
4.3716 -2.9824  7
1.7619 -5.1109  3
-9.5394 -0.17898  21
7.1978 -0.16341  7
0.72879 9.8447  2
1.1339 2.681  3
-2.4482 0.57944  3
-8.145 3.6414  26
5.7079 5.5743  2
-0.97457 3.5786  3
-8.4623 1.3908  21
1.6288 -5.1879  3
-9.6814 -1.3232  21
-7.0874 5.3726  25
-7.0064 6.6208  25
-1.8591 9.6651  0
0.43364 3.4487  3
-3.685 -0.26514  3
0.25512 -4.3155  3
7.2489 -2.0349  7
8.6477 -8.3335  23
-4.3808 -10.105  12
6.0652 -3.028  7
0.99382 -10.043  22
7.7397 1.2723  7
6.3009 4.2839  2
-6.9293 6.0769  25
-8.7916 -0.13337  21
-3.1076 -0.34133  3
11.199 -5.0925  24
-2.0989 1.5486  3
-1.6981 -2.9304  3
1.6173 1.7802  3
5.969 -9.7223  23
-3.7429 0.69303  3
-2.8473 9.1376  0
-9.0584 0.77918  21
3.0692 -4.5782  3
1.7473 8.7487  2
-8.6271 -5.7834  28
0.17821 2.6275  3
0.69689 1.78  3
-2.2185 -2.7343  3
-2.9445 -10.285  12
6.1868 4.5178  2
10.203 -8.5342  0
0.13702 1.8038  3
2.928 7.2304  2
6.1834 -1.4384  7
-2.3014 0.66023  3
7.3134 -8.9777  23
5.9345 6.7521  2
-3.5644 -1.6892  3
-3.1932 -2.3563  3
-5.847 -8.1782  12
-4.7669 -8.1148  12
5.4075 5.5504  2
1.0126 -4.7936  3
0.14588 1.9211  3
-2.8925 -1.1563  3
-0.57165 9.3911  2
5.6782 -3.7287  7
-9.139 -1.9672  21
0.38562 3.0166  3
4.661 -3.8863  7
-8.4103 -4.5806  21
-2.6763 0.67428  3
1.8919 -4.4463  3
-2.7848 2.7821  3
4.2059 -3.476  7
5.9328 4.9281  2
-1.5235 8.8812  2
-4.2865 7.3173  25
6.7166 -9.0182  23
-5.1341 6.8813  25
5.9121 -9.1897  23
-6.4086 -8.9706  12
0.99949 -4.6746  3
6.6802 -0.80205  7
11.966 -3.6062  0
-5.6812 5.8274  25
-2.3139 1.7819  3
-0.16787 3.5623  3
-6.1597 7.2642  25
-8.4999 -4.1999  21
2.1861 7.622  2
10.695 -4.9817  24
10.183 -6.7923  0
-2.7692 -10.95  12
0.068305 -11.095  22
6.3737 -3.1106  7
6.124 -10.065  23
-3.5806 7.762  25
0.9329 1.7494  3
13.532 -0.43961  1
1.6798 8.7858  2
-3.5113 0.29072  3
-2.1978 -2.4909  3
5.8492 -3.3484  7
4.8225 5.527  2
-2.7612 -9.7482  12
-8.6849 4.3877  0
0.51985 -4.1484  3
-2.4755 -1.9362  3
-0.83488 3.5321  3
2.1783 8.6134  2
-0.50205 8.5884  2
-1.1923 8.9691  2
0.70239 -5.3469  3
7.7248 -0.46252  7
-3.7632 1.1808  3
-10.371 0.48095  21
-1.7939 2.3073  3
-2.3173 -3.3575  3
3.8079 -10.573  19
2.6011 7.9261  2
3.7166 7.7367  2
4.3641 6.3744  2
6.1684 6.0547  2
4.3685 -10.416  19
-8.4479 5.8464  25
-8.0054 2.7523  26
-9.2509 -3.0112  21
5.6729 -3.9411  7
1.5883 2.2475  3
4.2855 -11.099  19
5.3094 -3.5871  7
-3.2421 -3.1838  3
-4.2372 8.54  25
7.6468 2.1892  7
0.2242 1.763  3
2.9698 8.405  2
-8.6431 0.33457  21
-0.082752 -10.568  22
11.243 -7.1218  0
-3.32 1.2037  3
2.5129 8.0484  2
0.31465 -10.363  22
5.7062 -2.0019  7
-2.467 0.44857  3
-3.4691 -9.8581  12
-6.6642 7.7598  25
-2.047 2.1873  3
5.2038 5.0139  2
-2.9079 1.0717  3
-8.1702 -3.6392  21
-3.1132 0.38691  3
7.2918 1.1638  7
8.0525 1.9491  7
6.8601 -1.885  7
7.615 -0.16224  7
-1.096 -3.3953  3
6.4678 -3.392  7
0.28002 -11.047  22
6.6365 -9.4514  23
7.7264 -8.239  23
12.502 -5.4308  24
0.84339 8.0423  2
7.7489 3.2217  7
3.1803 -3.5375  3
-0.52876 -11.365  22
7.1565 0.40896  7
-1.5316 1.5391  3
-3.61 -0.24634  3
-8.6693 3.1108  26
7.2716 -0.90619  7
-0.52421 8.7614  2
-2.9815 -0.095033  3
13.327 -1.6919  27
-1.146 2.147  3
-2.2144 -2.3779  3
4.512 7.2866  2
-2.125 2.6428  3
-1.2932 3.0954  3
4.2863 -10.498  19
0.18906 -4.5348  3
7.1416 -9.1285  23
-3.4592 0.44881  3
-4.8201 -9.186  12
0.32294 3.1877  3
5.3804 7.2631  2
7.0168 -0.80797  7
-4.8192 8.0732  25
-4.8025 -10.206  12
2.214 -4.1759  3
1.2565 8.0957  2
6.3398 -2.4516  7
-7.0269 4.7973  25
-3.4579 0.75822  3
-2.3719 -0.32884  3
0.70389 -3.7962  3
-1.588 -4.4168  3
5.6857 4.7116  2
1.971 9.5295  2
-2.7988 0.36282  3
-2.5137 1.0468  3
2.5381 -4.0217  3
-10.265 1.8767  21
-2.3568 -1.0171  3
7.0756 5.1988  2
6.8327 6.2854  2
1.194 -5.0429  3
-6.5506 6.5371  25
9.4454 -7.1701  0
9.3888 -9.0043  23
12.024 -6.2442  24
-0.40186 -9.9535  22
-4.8495 7.7372  25
5.3924 4.7919  2
-8.9629 0.45906  21
-1.8031 1.4822  3
-1.3267 -2.816  3
-0.12494 -4.5429  3
0.021855 1.8087  3
-0.44822 3.2952  3
5.446 4.7594  2
2.7672 8.352  2
-0.1771 2.7083  3
0.24528 2.6621  3
0.69251 -11.116  22
2.0195 -11.757  0
0.6453 -4.4462  3
0.088534 -11.632  22
7.4703 -0.57956  7
4.2785 -10.121  19
-2.2775 -4.4281  3
-0.30738 3.0185  3
6.0844 -1.5703  7
-10.318 -0.97797  21
-3.1659 2.2169  3
-5.4362 7.1607  25
-8.8448 5.3292  0
-9.5276 1.3572  21
5.7969 -1.9373  7
7.5717 -8.7563  23
5.0439 -3.8156  7
-1.5137 2.4379  3
2.3068 8.7557  2
5.0964 -2.5978  7
-6.0032 -8.7819  12
-9.5688 -1.8691  21
-2.7635 8.0316  0
-3.7551 1.2743  3
-7.6767 -7.5025  0
-6.4588 -8.4073  12
-7.19 5.8926  25
1.1782 -11.923  0
-7.7665 -5.7499  28
-2.0801 3.0453  3
-5.3502 6.5982  25
11.258 -4.6376  24
0.22816 2.5905  3
-8.6008 -5.3749  28
-1.9762 -3.9869  3
12.183 -1.968  27
-6.8905 5.2877  25
-9.2484 4.1158  0
-1.2323 3.3042  3
9.9791 -7.2338  0
-9.6245 -0.18452  21
-2.7492 -0.50415  3
6.3055 -9.2909  23
-8.571 -0.15117  21
0.99327 3.21  3
5.904 -1.557  7
2.2897 9.4994  2
-1.3026 2.0276  3
-2.4769 2.8395  3
-3.625 -0.40823  3
12.875 -2.1395  27
-0.17377 3.1675  3
-1.3842 1.46  3
1.5545 -4.901  3
-2.2867 2.9173  3
-3.2286 0.49039  3
-2.2113 2.7945  3
0.82655 -5.4202  3
-0.69379 -3.858  3
1.9876 2.0591  3
1.5948 8.8005  2
3.849 -3.8507  7
3.0418 8.7026  2
6.6353 2.7937  7
0.36168 -11.077  22
6.7092 0.59655  7
6.5616 0.75932  7
-0.054781 -4.9993  3
-8.3764 -2.5677  21
6.2979 0.81916  7
-8.7458 1.2152  21
6.7819 1.1035  7
-1.9295 -9.6738  12
4.0002 -10.385  19
7.7738 0.90806  7
-2.4035 1.4864  3
-2.1083 2.394  3
7.1125 0.38947  7
1.3869 -11.394  22
-2.2803 -0.22694  3
10.164 -6.8641  0
7.6814 3.025  7
0.16693 -11.233  22
6.3466 0.24333  7
5.4015 6.1145  2
5.4944 5.6061  2
-2.9942 2.0553  3
-3.4129 -10.672  12
-4.0039 -1.5324  3
6.3486 0.11547  7
6.6998 1.3383  7
3.2397 9.1113  2
-2.8431 -1.1253  3
-2.7047 -3.2244  3
2.6908 -4.9364  3
2.2611 9.2375  2
6.9171 1.6295  7
-2.5723 2.2522  3
-2.0482 -1.7159  3
7.0839 -2.7231  7
6.2959 -2.1914  7
6.4702 1.5275  7
-9.2308 -1.9157  21
4.7368 -3.1568  7
-7.3712 4.616  25
7.2661 3.7973  7
-2.2556 2.3156  3
6.3287 6.1439  2
6.5812 -10.723  23
-3.2156 -1.2501  3
0.01611 -10.839  22
-3.0197 1.3078  3
-0.89455 1.938  3
6.453 5.2607  2
-8.4413 1.1915  21
0.66315 2.7056  3
1.6228 7.9117  2
2.6171 9.1883  2
0.94301 2.941  3
0.68962 3.2085  3
0.19791 9.2023  2
-0.77459 2.663  3
-9.2215 -0.73678  21
3.9902 -10.826  19
-9.1646 -3.3168  21
4.8138 7.1155  2
-1.9633 -10.632  12
4.4611 -10.293  19
-9.6082 -2.4843  21
1.3621 -10.517  22
-10.107 -3.1268  21
-8.5744 -6.1135  28
0.060105 -4.3582  3
-8.8077 -1.548  21
2.4918 -4.6483  3
6.7197 -2.6339  7
5.9028 -1.9599  7
-1.6339 2.2228  3
14.524 0.3022  1
-4.9404 -9.4717  12
-6.802 5.7108  25
1.0695 -4.5537  3
-0.14926 3.5356  3
1.2998 1.8508  3
4.2077 -11.205  19
-0.72976 -3.964  3
12.534 -5.6277  24
-0.96953 2.4843  3
-8.7258 5.3257  0
-3.515 1.5566  3
5.9196 -2.8069  7
-3.2705 -0.59352  3
-3.0983 1.5969  3
-1.0043 3.1433  3
5.1734 -3.4188  7
-2.2329 1.9161  3
12.848 -2.3348  27
5.7397 5.1137  2
-5.6853 7.5439  25
-3.8362 -1.6005  3
-3.0984 -1.5578  3
7.9749 -8.3438  23
0.31688 3.4108  3
2.1137 8.2699  2
-9.2824 0.74231  21
12.048 -2.0303  27
5.4783 -3.2621  7
-1.332 -3.3285  3
4.7997 -4.3298  7
6.8212 4.7982  2
0.12408 2.0913  3
0.065452 1.8093  3
-6.2428 6.6048  25
-1.7658 2.3131  3
-4.8718 8.0748  25
2.4833 8.4722  2
-5.0857 -9.1139  12
-2.378 1.2318  3
6.5407 1.9162  7
-6.075 6.2071  25
-3.2408 -1.8117  3
-5.4588 -8.8839  12
8.2834 1.8373  7
-3.7552 -1.3564  3
0.77857 8.7753  2
-2.7716 0.53966  3
1.4166 2.7225  3
6.469 4.6434  2
11.204 -5.1793  24
-1.4449 3.4567  3
12.008 -5.8715  24
0.19187 2.2111  3
-5.8466 7.414  25
6.3684 4.5337  2
0.57582 2.0323  3
13.394 0.6083  1
-3.4504 8.7834  0
12.192 -5.3108  24
4.4087 7.3282  2
-4.3293 -9.4567  12
0.3994 -11.38  22
-4.7436 6.8765  25
12.763 -2.6693  27
8.0863 -9.4676  23
-5.3707 7.0454  25
-3.0438 -0.7193  3
7.0301 3.1269  7
5.8499 5.3623  2
7.3721 0.7525  7
-9.2569 -5.1233  28
-8.7473 1.7634  21
0.67069 -4.1104  3
6.305 -0.12307  7
12.862 -1.0821  27
-5.6111 6.6718  25
-1.1284 3.203  3
6.7181 3.0906  7
7.9021 3.029  7
7.5249 -1.3239  7
7.893 0.087556  7
3.6802 7.9028  2
8.0829 1.4584  7
-9.2836 -1.1842  21
-2.6856 -3.5457  3
-2.4763 -2.3973  3
-7.8431 -5.7202  28
-1.9252 -1.9691  3
-1.2439 -11.279  22
4.8325 -9.8744  19
-1.1924 -3.9219  3
-6.0946 -8.6301  12
3.6474 7.3396  2
0.41609 2.3759  3
-1.413 -11.15  22
-2.3413 -0.84923  3
-2.1062 2.1928  3
6.2182 5.6075  2
-3.8724 -0.79805  3
-0.47766 -3.5561  3
1.9933 -3.8778  3
6.3522 -1.1404  7
-5.6104 6.4548  25
7.3239 1.6209  7
3.9562 7.6874  2
-1.5697 1.6636  3
-9.8053 -1.7355  21
-0.96654 -4.4191  3
-8.1597 -3.3759  21
3.1144 -4.6573  3
-1.3933 2.1628  3
4.7449 7.2238  2
6.6044 6.4092  2
-4.3025 7.4207  25
8.7572 -9.289  23
-8.5833 -1.0482  21
11.011 -7.6479  0
-2.7646 2.7119  3
-1.8153 -3.1424  3
0.48378 2.6359  3
5.8193 -2.4279  7
-3.0679 -2.1926  3
-2.9877 -2.1455  3
-8.9327 -0.097199  21
4.0577 6.4722  2
-1.2965 3.2822  3
-3.6009 -1.6196  3
-3.2574 0.079647  3
-5.3175 -7.9429  12
-8.6493 1.3139  21
3.5546 7.684  2
-2.692 -1.2957  3
-9.1662 2.7223  26
-7.7874 5.7698  25
13.668 -2.5173  27
7.9008 -9.6246  23
-6.4735 5.8411  25
12.493 -5.6404  24
4.3678 6.9492  2
-2.6067 1.652  3
12.812 0.25724  1
5.2352 7.0006  2
-0.4346 -5.0433  3
-2.596 -3.1105  3
0.32114 -5.6086  3
3.7417 7.3723  2
-2.559 2.2381  3
13.744 -0.16099  1
-3.5069 -0.13227  3
1.2957 -5.7688  3
-7.9568 3.4114  26
5.1325 5.9748  2
-5.3457 -8.1813  12
0.65394 2.4222  3
12.139 -3.7054  0
-1.268 -3.892  3
-0.33767 2.4615  3
-8.2013 2.1178  21
5.6201 -3.4886  7
-1.2065 -3.3114  3
6.7313 -10.02  23
-3.5977 -0.47123  3
-5.2454 -7.6942  12
-3.7874 0.48441  3
-9.3706 -3.931  21
6.7833 -1.4926  7
4.55 -2.744  7
-9.5931 -1.6036  21
13.402 -1.7577  27
3.9914 -3.5464  7
0.14757 2.1327  3
7.877 0.28981  7
-6.292 5.8906  25
-8.9272 -1.6616  21
-0.89191 3.1958  3
3.0126 -5.5485  3
1.9967 8.0559  2
11.908 -5.2156  24
-6.8124 -6.5529  0
-0.89505 -5.1147  3
7.3776 4.013  2
0.57117 3.2164  3
6.4865 6.0106  2
-1.2618 -3.8431  3
-1.4912 1.5735  3
-2.2142 0.63547  3
7.0541 -10.087  23
4.9522 -10.939  19
-8.1718 -5.4109  28
5.0671 -10.53  19
6.05 -0.10956  7
-3.2373 -0.86126  3
1.2762 1.7803  3
5.9236 -2.5179  7
1.5244 2.415  3
4.5333 -3.0709  7
-5.5317 6.7729  25
14.2 0.2625  1
-5.3768 8.43  25
-4.4836 -9.5455  12
-5.3493 -7.8039  12
-4.5349 7.0005  25
-3.8206 0.69813  3
-9.3083 -5.1084  28
3.6844 -4.5916  3
7.4623 4.8782  2
-7.827 4.2817  25
2.2641 8.003  2
-2.3244 -3.5235  3
-9.5464 3.0423  26
-2.473 -4.1468  3
5.1336 5.0327  2
-8.6662 -1.146  21
0.027671 8.8465  2
-3.2564 -1.4146  3
-3.8586 0.081407  3
-9.6556 2.2479  0
-0.071123 8.7255  2
0.60384 2.7714  3
-2.4565 -1.1924  3
10.831 -5.8779  24
-5.9531 -8.2989  12
11.524 -5.4335  24
-7.2117 6.7781  25
6.9745 2.3349  7
-3.2056 1.54  3
0.41186 2.4724  3
-1.9924 1.3647  3
-9.7488 -3.6582  21
-1.3745 1.9918  3
-0.31194 2.0249  3
-8.604 0.24892  21
3.0073 -11.435  0
-2.4051 -11.456  12
7.9618 -9.3944  23
2.7072 8.1667  2
1.521 2.0967  3
0.65623 -4.742  3
-2.499 -11.296  12
0.46874 1.8095  3
4.6612 -3.5412  7
0.22408 1.8049  3
-8.6277 1.6184  21
1.5919 2.6088  3
4.6795 -2.7606  7
-0.66592 3.234  3
-3.5029 -1.7267  3
-3.4957 -1.0418  3
-7.4619 -6.8836  0
-3.1323 -10.324  12
-0.99479 2.9003  3
-2.5347 9.2693  0
6.0415 5.203  2
-3.3756 -1.8414  3
6.3613 -1.3876  7
13.794 -2.657  27
13.127 -4.8188  24
-0.58006 2.746  3
2.018 -5.0611  3
4.0836 8.4587  2
-2.5658 9.3886  0
7.5057 0.19793  7
5.1053 -3.6233  7
8.0593 2.5492  7
-8.7883 -3.43  21
3.0274 8.1331  2
-6.9285 -6.6142  0
-2.6718 2.5414  3
4.6637 -2.8804  7
8.551 -8.2229  23
1.1889 9.5388  2
11.095 -7.5885  0
-6.3023 -8.5133  12
0.018195 2.5496  3
-2.9896 -2.9645  3
-3.9413 -1.5458  3
7.1636 0.7609  7
-2.3695 -0.49796  3
-0.71175 3.2586  3
2.0129 -4.9077  3
-4.6331 7.0611  25
6.6205 3.4383  7
0.16212 2.5806  3
2.6248 8.2284  2
0.062909 -4.9151  3
11.066 -4.7355  24
-3.5258 -0.41705  3
-2.5093 -3.1397  3
-9.8686 1.1762  21
-0.1907 2.0896  3
1.2082 -4.632  3
0.9374 -1.3526  4
-1.3068 -7.7557  5
-3.9874 3.6357  5
-6.5057 0.80207  5
-0.058182 -1.3128  4
-2.8528 -6.4084  5
9.8134 -0.53779  17
2.5914 5.0866  4
1.0854 -1.2642  4
3.9877 3.1455  4
-5.8212 -3.7982  5
6.6104 -5.4548  8
3.2775 5.4281  4
-3.1706 -5.6491  5
-4.473 5.3891  5
-12.047 2.8737  18
-5.5314 1.488  5
10.165 4.3168  6
-2.5998 -6.9759  5
2.9762 4.9869  4
0.7758 -0.76297  4
3.3475 2.3185  4
-5.7833 2.4926  5
-0.41658 -1.7225  4
-6.7744 10.317  20
-4.1325 -4.9748  5
-8.4857 9.2226  14
0.80209 -8.2023  5
10.569 2.8691  6
-5.9745 -1.3349  5
2.096 4.3953  4
1.0231 -2.631  4
-0.090498 -0.82902  4
1.7298 4.964  4
-5.3287 -5.1439  5
-10.258 5.6376  15
5.4836 10.546  13
-3.3641 -5.3744  5
0.0067281 -2.21  4
3.5658 -8.3886  0
-1.1783 -7.6134  5
-3.0002 11.385  11
-5.2733 2.833  5
7.802 -4.7108  8
-2.873 11.335  11
11.018 0.63472  6
-0.59481 -7.8005  5
4.8693 11.831  10
-1.018 6.0611  4
4.9153 0.023778  4
3.9079 -0.071673  4
-3.3678 -5.9492  5
9.6425 6.4546  6
10.604 -2.7609  9
-3.8559 11.673  11
3.5362 10.802  10
-7.0878 0.20961  5
9.5744 7.1135  6
11.306 1.9304  6
-9.1825 7.7923  14
0.4224 5.9175  4
0.64337 12.964  10
1.7804 6.184  4
4.1076 1.3413  4
5.2128 2.0221  4
3.2864 -1.3651  4
0.3547 5.4462  4
-10.204 6.1793  15
-5.1834 2.4384  5
3.7044 0.38459  4
0.23161 5.8527  4
-0.055358 -1.7119  4
0.98181 -1.5496  4
-7.2523 10.406  20
1.1738 -2.1675  4
-4.422 11.043  11
-0.59192 -1.6088  4
-3.2059 4.476  5
10.774 -0.96996  17
9.6486 -3.9149  9
7.9285 7.6142  16
4.5977 1.4712  4
4.1932 3.3563  4
10.567 -1.7991  17
9.9483 6.7276  6
2.9603 3.3704  4
1.4543 5.2979  4
10.528 -0.35725  17
-5.2182 -4.6075  5
-2.9902 11.826  11
-2.0612 -7.6486  5
5.0726E-4 5.6746  4
2.1017 5.0722  4
7.3691 9.4599  13
-12.402 2.7577  18
-5.4678 4.392  5
3.9942 -1.0553  4
9.4623 -0.39083  17
-5.6662 -3.0927  5
0.67886 6.6086  4
-0.25646 -7.0957  5
10.49 5.3633  6
8.4908 5.8945  6
3.3206 2.6251  4
3.7612 10.748  10
3.2144 3.3779  4
-5.3398 3.4516  5
6.9757 -6.9047  8
4.0197 -0.30777  4
-4.1698 -6.0441  5
10.997 2.5622  6
10.867 1.7599  6
8.9343 5.8078  6
4.1659 -1.2169  4
10.539 1.179  6
0.3823 -0.96015  4
3.9827 0.40526  4
3.6264 -1.0079  4
1.5565 12.328  10
7.0032 9.7819  13
5.2865 -6.3173  8
-6.5616 10.373  20
2.4912 -0.57353  4
1.9665 5.4191  4
0.6006 12.38  10
3.6856 4.5457  4
0.88098 -2.2263  4
2.0043 -2.1433  4
4.5806 -6.762  8
-3.0836 -7.4587  5
9.4479 -4.8464  9
-0.6003 -7.1564  5
6.6853 -6.5439  8
-4.904 2.557  5
-0.06946 5.5537  4
-11.048 3.0303  0
6.3493 8.8039  13
-10.85 5.4775  15
0.624 5.6969  4
3.7646 -1.7119  4
-3.2871 5.764  5
-3.7997 5.3298  5
9.7502 2.2214  6
-6.101 -0.15807  5
0.16299 -1.6173  4
3.3779 2.23  4
0.32931 5.1104  4
2.9836 0.41965  4
2.3842 -0.46001  4
3.8001 2.4784  4
4.8586 0.91859  4
-0.73271 -8.5948  5
0.62969 11.164  10
2.9924 -0.36474  4
-5.728 1.6862  5
0.33685 -1.7056  4
-1.427 6.1524  4
-5.5293 2.9746  5
-3.4946 5.0284  5
5.0502 2.0869  4
-2.7735 12.209  11
0.22967 -7.5476  5
4.2948 11.17  10
7.8461 -4.4795  8
-4.4336 3.6441  5
9.9272 2.6616  6
6.9531 9.2989  13
6.6812 -4.8274  8
9.7883 4.43  6
3.158 4.2246  4
-12.668 3.5173  18
1.4414 -2.6469  4
4.4579 0.24178  4
2.9849 -0.46243  4
2.6981 3.9304  4
2.6705 -0.6358  4
0.42883 -2.2164  4
3.5331 10.876  10
-12.189 4.5082  0
-3.2331 -5.3137  5
-4.0301 4.4987  5
0.58391 -1.3759  4
11.318 1.978  6
9.6431 0.66543  0
-5.7346 1.75  5
-1.7672 -7.352  5
-0.31488 5.0249  4
-4.6729 4.9411  5
-5.8324 0.11676  5
4.8724 1.7981  4
1.9338 5.0793  4
-0.83864 -0.9773  4
0.48015 5.1484  4
-6.0756 -4.1988  5
3.692 2.2957  4
7.8442 8.1947  16
0.39616 -1.7714  4
-0.52097 -1.0967  4
3.6809 -0.051291  4
0.93709 5.9151  4
3.964 3.2842  4
-10.413 5.2544  15
-1.038 -0.8082  4
-5.9171 -0.62954  5
-0.53077 5.8027  4
9.2013 -1.1178  17
1.9121 -2.6852  4
1.1961 -2.5229  4
7.0907 -6.5679  8
2.7939 -1.3073  4
-13.217 2.8132  18
-3.4611 11.293  11
4.677 -7.787  0
-6.3776 -3.013  5
0.17345 6.4202  4
1.9948 -1.9003  4
1.9936 -8.1593  5
10.251 4.0112  6
10.245 -3.2523  9
4.61 1.2463  4
-5.4865 -5.0106  5
3.2136 -7.1432  0
6.3108 -6.1982  8
2.7977 -1.098  4
-4.5128 4.019  5
-4.8669 -4.4575  5
0.98343 -0.90137  4
-2.9914 4.5464  5
3.4769 -1.8395  4
3.0945 11.041  10
-5.9639 -1.3497  5
4.9755 1.9916  4
0.75472 -1.6621  4
4.3756 2.8414  4
10.537 -0.88408  17
-5.152 2.9671  5
-5.305 1.1231  5
3.8925 2.1563  4
-4.1053 4.6233  5
2.9633 11.632  10
1.1907 -1.0896  4
6.6468 9.7721  13
7.3023 9.5133  13
-4.3052 3.9862  5
-5.1741 1.5368  5
-9.203 9.5342  14
-11.51 6.4023  0
-13.132 2.6822  18
-4.9765 -5.1071  5
-1.6171 -8.1883  5
-3.0541 12.015  11
-0.20603 6.4594  4
4.2056 -0.53996  4
3.1295 -1.6283  4
-0.84951 -1.7065  4
-6.4609 -0.30072  5
0.056992 -1.941  4
3.047 -1.1873  4
-0.080641 -0.9492  4
-0.11982 -1.7397  4
5.7669 9.1148  13
6.2807 -7.2191  8
1.5021 -7.5884  5
-3.9334 3.9688  5
-5.3522 2.1404  5
8.54 -2.9906  9
0.85243 -1.1327  4
0.17599 5.0192  4
1.0828 11.568  10
4.2564 2.4146  4
-0.20822 5.632  4
10.166 -1.7223  17
-10.356 7.3155  0
-6.4703 1.5796  5
3.6067 -0.65197  4
-5.6848 -4.2491  5
9.6277 -0.61844  17
-6.3721 0.2475  5
3.2867 -1.9173  4
8.6767 8.5025  16
-5.5407 -0.91622  5
-2.9848 11.007  11
10.546 -2.0423  17
0.70649 -0.70866  4
-7.2834 -0.83731  5
3.7763 3.0113  4
2.3319 5.4411  4
-1.7112 4.7771  4
3.0801 -2.0453  4
4.6009 2.6196  4
7.9544 9.5103  13
-5.8425 -3.8608  5
8.4016 8.5212  16
4.5113 0.70928  4
9.6493 -0.31392  17
3.3173 4.3575  4
-6.877 0.71019  5
2.413 12.15  10
-10.066 5.7355  15
6.8187 8.8843  13
3.3719 1.3288  4
-3.8325 10.874  11
-4.8517 -5.7389  5
0.87319 -1.5201  4
2.0118 5.3147  4
4.6268 2.6843  4
8.19 -4.8926  8
4.8206 0.30187  4
-0.98765 -1.0591  4
-4.1399 12.387  11
-3.8962 5.3293  5
-10.199 6.0925  15
1.2015 -2.0333  4
0.93989 5.3582  4
-4.9196 3.8069  5
2.1284 -2.203  4
0.1499 11.899  10
-11.534 6.6277  0
-5.8601 2.885  5
-5.3585 4.1495  5
-4.4944 -4.6061  5
-8.3374 9.7771  14
-1.214 5.1759  4
3.3614 3.9868  4
7.4735 -4.8411  8
-4.5728 4.0991  5
9.7258 -4.3257  9
2.9146 3.4873  4
-8.3888 10.004  14
4.0679 3.1926  4
-5.0307 3.5801  5
-1.7813 -7.0775  5
9.6008 6.3749  6
2.146 -1.147  4
-4.3811 -4.3667  5
1.3074 -2.0185  4
-11.812 0.74276  0
3.9658 1.8877  4
1.0836 -1.7476  4
4.6706 -6.466  8
-4.9694 3.6576  5
0.86298 -0.80381  4
1.7733 12.005  10
10.734 4.0819  6
1.0548 5.9993  4
0.74488 5.3155  4
0.31038 -2.2085  4
3.4739 10.403  10
0.68312 -2.4108  4
-1.2831 6.7556  4
-6.5656 -1.1082  5
9.7916 1.1334  6
-5.89 -2.9425  5
-1.5359 5.145  4
10.143 4.5926  6
0.73798 5.1455  4
-4.8193 3.4279  5
-6.9021 -2.029  5
-0.13388 -1.681  4
-6.0839 3.7231  5
-7.0829 -0.45841  5
-2.0126 6.5485  4
-4.9729 -6.1375  5
5.7436 -5.8765  8
2.6412 4.1187  4
3.7635 -7.0316  8
-3.6612 4.5412  5
2.9905 -0.86683  4
9.8448 -4.3292  9
2.878 11.29  10
-0.17823 12.923  10
-5.124 11.065  11
6.9664 -6.1224  8
-5.4702 -0.52748  5
-11.493 6.6404  0
-12.16 2.4045  18
9.8077 2.548  6
4.515 -0.55659  4
2.0452 -0.91911  4
-5.8327 -5.2854  5
2.9542 -8.7421  0
9.4103 5.5806  6
-3.5583 3.9732  5
3.3246 5.0403  4
-5.9445 -3.7972  5
9.6849 -3.3877  9
-0.2762 -0.78034  4
0.51726 11.548  10
10.2 3.0031  6
-3.9229 11.579  11
0.3447 -1.4946  4
-4.9121 10.19  0
0.97233 -7.8465  5
6.2454 8.6942  13
10.257 6.1233  6
-3.8225 -4.527  5
-5.0677 4.3532  5
2.332 4.3285  4
9.1718 6.4109  6
6.847 9.1782  13
4.5258 1.417  4
-0.091283 12.159  10
5.8201 10.186  13
-0.89187 5.4463  4
-0.012626 5.7936  4
-4.9345 -5.7521  5
1.6342 5.4984  4
4.8362 2.6005  4
3.6183 0.81083  4
10.794 2.096  6
0.98389 11.839  10
-2.3901 10.879  11
-0.47512 -7.1622  5
10.06 4.3154  6
-5.0415 -4.203  5
3.9815 1.095  4
3.5137 -0.046751  4
-9.3976 8.7105  14
1.5242 -7.7614  5
0.87592 -1.0913  4
-4.3373 -6.1919  5
1.7232 11.589  10
4.32 -0.20367  4
-5.7433 3.6094  5
3.8431 2.1253  4
-9.6948 5.9817  15
0.50735 -0.80232  4
3.3413 1.8492  4
7.8124 7.5529  16
4.7551 -0.27429  4
11.367 1.2262  6
-0.86597 -6.7555  5
8.9561 -3.6188  9
-6.5528 0.065557  5
-2.0503 11.523  11
4.7632 -0.18078  4
-3.8138 -6.1155  5
2.1924 4.9219  4
8.019 8.0837  16
5.8419 -6.3999  8
9.1702 4.6392  6
7.2428 -5.6048  8
-0.3869 12.394  10
2.2439 12.279  10
6.6144 -5.4896  8
11.207 2.3112  6
1.1771 -1.7083  4
0.85412 -0.92107  4
1.0489 -2.4546  4
9.2064 3.8758  6
0.71998 12.047  10
0.71778 11.365  10
-7.5467 8.9255  14
-5.747 -0.11381  5
-12.794 3.657  18
4.6975 -0.22146  4
4.4504 -7.7834  0
-6.7489 -2.2217  5
-4.0439 4.8156  5
-0.55454 5.901  4
3.4846 2.6142  4
9.4413 -0.1915  17
1.1745 11.022  10
-3.9522 11.939  11
-4.8768 2.7919  5
-2.6474 -6.3396  5
3.4035 -0.48643  4
3.8621 0.60416  4
11.107 4.1268  6
2.2051 4.1253  4
5.3808 11.105  13
0.11532 -1.2702  4
-0.47774 -0.72028  4
3.6271 -6.6861  8
4.5029 2.7267  4
2.929 -2.263  4
-1.2641 -7.003  5
5.9404 10.472  13
0.13212 -1.1115  4
-4.9024 4.2629  5
-1.2233 11.1  11
-6.7435 1.1936  5
6.6111 -5.6718  8
-1.3235 5.9009  4
2.2965 -2.2822  4
4.0366 3.0559  4
3.313 -0.36415  4
-7.0525 -0.94906  5
-5.6298 0.63733  5
3.9767 3.8953  4
7.9293 -5.0769  8
-3.55 3.744  5
-1.0195 12.757  10
2.5834 -0.62232  4
9.7446 4.236  6
9.6662 2.146  6
-5.453 -4.2607  5
6.0857 10.114  13
-4.3777 5.2496  5
3.3472 -1.5819  4
-5.3415 4.0925  5
0.28524 -8.4941  5
3.3695 1.498  4
-8.1956 9.3931  14
-3.8999 11.679  11
0.067101 -0.74939  4
9.0958 7.8167  6
10.749 4.6582  6
2.5071 -1.1313  4
4.9854 9.7516  13
9.7845 -1.7866  17
-3.1781 4.9978  5
1.2029 -2.0905  4
-12.797 3.2288  18
-13.043 1.597  0
4.7895 0.6958  4
-5.1341 10.427  11
6.8466 -6.414  8
-4.2038 -4.0139  5
4.2574 0.92035  4
3.3139 -0.78192  4
-4.7969 2.9373  5
-2.9562 -6.6874  5
-0.17285 -1.1128  4
-6.9618 10.394  20
3.4755 2.9362  4
9.26 7.2123  6
-0.99329 4.8778  4
8.827 -3.2817  9
6.5421 -6.7873  8
4.3806 -8.4031  0
8.136 6.2464  6
0.56413 -2.4267  4
-3.2863 11.498  11
3.4565 2.1924  4
-10.011 8.6479  14
2.1379 -7.246  5
-9.9974 8.8091  14
-6.3134 9.9777  20
-3.4305 5.5581  5
-0.37209 6.4345  4
2.8591 -8.6651  0
-6.1978 1.1634  5
-0.18889 -8.5388  5
1.5801 -1.746  4
0.27121 -8.8447  5
-4.2352 -6.0006  5
-1.5381 5.0217  4
-6.1917 11.098  20
-5.3955 -4.8083  5
5.7663 -7.5421  8
2.1923 -7.9691  5
-7.551 9.2229  14
3.596 4.1105  4
6.7313 8.6283  13
10.308 6.1084  6
-6.0301 -2.1269  5
-3.7867 4.7401  5
0.29611 4.7962  4
9.4639 3.992  6
1.4482 -2.2952  4
1.9003 -2.0313  4
1.5288 12.365  10
3.7988 0.63718  4
-6.1967 0.11092  5
-8.3681 8.9257  14
-5.3055 10.291  11
1.5213 11.427  10
-0.58832 -1.2475  4
2.3026 -1.0276  4
1.0496 -2.5137  4
-6.1125 0.61053  5
9.145 -2.6414  9
4.6173 10.249  13
-0.3101 5.1362  4
1.6659 -2.234  4
-5.7197 3.6339  5
-6.1636 0.2391  5
3.499 12.296  10
8.8431 6.7202  6
10.86 3.6516  6
-4.3094 4.5871  5
8.9285 5.656  6
-9.5045 7.9625  14
-4.7895 3.0094  5
6.0473 -5.8584  8
3.0973 -2.1064  4
-11.776 1.7726  0
1.2745 -2.0205  4
-6.0238 0.63679  5
-4.1336 -4.0327  5
3.559 -1.2381  4
4.5644 2.6892  4
0.30749 12.116  10
1.5516 -2.5273  4
-5.3078 -5.2092  5
-12.394 0.3917  0
-5.7092 0.40345  5
0.16997 6.5562  4
11.265 -0.87668  17
-3.7857 -5.6172  5
3.4289 3.6877  4
4.2373 1.8613  4
0.93169 12.095  10
4.1132 0.61309  4
-5.05 1.1096  5
2.9252 2.9691  4
10.608 3.4843  6
3.7716 0.46034  4
6.3175 8.9429  13
3.1062 -1.1928  4
5.3811 11.562  13
-11.186 3.6955  0
3.473 5.1468  4
-7.0863 10.468  20
-3.3452 -6.5415  5
3.9655 -1.5103  4
-6.6715 1.2027  5
-5.227 -4.9774  5
3.7047 4.2244  4
-5.9833 11.108  11
9.561 -4.5946  9
10.469 4.4392  6
-7.1321 -0.58508  5
9.571 1.1512  6
-6.6468 -1.1892  5
4.2408 2.8117  4
9.9098 2.6752  6
-10.114 8.342  14
0.16538 5.2159  4
-5.2076 4.1019  5
3.61 4.7356  4
-0.35644 12.286  10
-11.29 5.6639  15
8.9568 -2.4114  9
-4.446 -3.7594  5
10.061 -3.6606  9
6.3544 -6.5308  8
-1.2897 -8.4994  5
4.9662 -0.083989  4
-5.573 2.6187  5
11.239 0.13405  17
10.248 -3.1158  9
-6.4513 10.983  20
2.4625 5.1908  4
3.0989 -0.54857  4
1.895 6.1147  4
-6.7023 -0.40605  5
9.7906 3.3959  6
-2.1765 5.7793  4
7.435 -6.1324  8
-11.183 2.968  18
